---------------------------------------------
PIC ASSEMBLER LISTING
Line    Address Opcode  Instruction
---------------------------------------------
0001    0000            luz1024		equ	0x22
0002    0000            categoria 	equ	0x23
0003    0000            
0004    0000            
0005    0000            INICIO
0006    0000            	ORG 0x00
0007    0000    2801    	GOTO START
0008    0001            
0009    0001            START
0010    0001    1683    	BSF	STATUS,5 ; PONE UN 1 EN STATUS BIT 5, PARA MOVERNOS AL BANCO 1 
0011    0002    0188    	CLRF	TRISD ; PONE EN 0 TRISB Y LA BANDERA Z
0012    0003    300F    	MOVLW	B'00001111' ; PONEMOS EN BINARIO LAS ENTRADAS QUE QUEREMOS HABILITAR PIN 0 AL 3 ENTRADA DE DIGITOS Y PIN 5 MOSTRAR DIGITO
0013    0004    0087    	MOVWF	TRISC ;MUEVE LO QUE TENGAMOS EN W HACIA TRISC PARA HABILITAR LAS ENTRADAS
0014    0005    0100    	CLRW	;LIMPIAR W
0015    0006    1283    	BCF	STATUS, 5 ; PONE UN 0 EN STATUS EN BIT 5 Y ESTO NOS MUEVE AL BANCO 0	
0016    0007            	
0017    0007            
0018    0007            
0019    0007            	
0020    0007    3003    	movlw	d'3'
0021    0008    00A2    	movwf 	luz1024	
0022    0009            
0023    0009    200B    	call GetCategoria
0024    000A            hola
0025    000A    280A    	goto hola
0026    000B            GetCategoria
0027    000B    3000    	movlw	d'0'
0028    000C    00A3    	movwf	categoria
0029    000D            
0030    000D    30D2    	movlw	d'210'
0031    000E    0222    	subwf	luz1024, 0
0032    000F    1803    	BTFSc	STATUS, C
0033    0010    0008    	RETURN	
0034    0011    0AA3    	incf	categoria,1
0035    0012    30C2    	movlw	d'194'
0036    0013    0222    	subwf	luz1024, 0
0037    0014    1803    	BTFSC STATUS, C
0038    0015    0008    	return
0039    0016    0AA3    	incf	categoria,1
0040    0017    30AE    	movlw	d'174'
0041    0018    0222    	subwf	luz1024, 0
0042    0019    1803    	BTFSC STATUS, C
0043    001A    0008    	return
0044    001B    0AA3    	incf	categoria,1
0045    001C    309E    	movlw	d'158'
0046    001D    0222    	subwf	luz1024, 0
0047    001E    1803    	BTFSC STATUS, C
0048    001F    0008    	return
0049    0020    0AA3    	incf	categoria,1
0050    0021    308A    	movlw	d'138'
0051    0022    0222    	subwf	luz1024, 0
0052    0023    1803    	BTFSC STATUS, C
0053    0024    0008    	return
0054    0025    0AA3    	incf	categoria,1
0055    0026    3075    	movlw	d'117'
0056    0027    0222    	subwf	luz1024, 0
0057    0028    1803    	BTFSC STATUS, C
0058    0029    0008    	return
0059    002A    0AA3    	incf	categoria,1
0060    002B    3052    	movlw	d'82'
0061    002C    0222    	subwf	luz1024, 0
0062    002D    1803    	BTFSC STATUS, C
0063    002E    0008    	return
0064    002F    0AA3    	incf	categoria,1
0065    0030    3033    	movlw	d'51'
0066    0031    0222    	subwf	luz1024, 0
0067    0032    1803    	BTFSC STATUS, C
0068    0033    0008    	return
0069    0034    0AA3    	incf	categoria,1
0070    0035    301C    	movlw	d'28'
0071    0036    0222    	subwf	luz1024, 0
0072    0037    1803    	BTFSC STATUS, C
0073    0038    0008    	return
0074    0039    0AA3    	incf	categoria, 1
0075    003A    0008    	return
0076    003B            	
0077    003B            
0078    003B            
0079    003B            
0080    003B            
0081    003B            
---------------------------------------------
Number of errors = 0
