---------------------------------------------
PIC ASSEMBLER LISTING
Line    Address Opcode  Instruction
---------------------------------------------
0001    0000            ;;; 160 PASOS EN X
0002    0000            DATO	EQU 0X21
0003    0000            d1   	EQU 0X22
0004    0000            d2	EQU 0X23
0005    0000            d3	EQU 0X24
0006    0000            d4	EQU 0x25
0007    0000            d5	EQU 0X26
0008    0000            d6	EQU 0X27
0009    0000            d7	EQU 0X28
0010    0000            d8	EQU 0x29
0011    0000            d9	EQU 0X2A
0012    0000            x	EQU 0x2B
0013    0000            y	EQU 0x2C
0014    0000            x_f	EQU 0x2D
0015    0000            y_f	EQU 0X2E
0016    0000            cond_x	EQU 0x30
0017    0000            cond_y	EQU 0x31
0018    0000            d10	EQU 0x32
0019    0000            d11	EQU 0x33
0020    0000            luzAct	EQU 0x34
0021    0000            inciso	EQU 0x35
0022    0000            
0023    0000            dato1	EQU 0x36
0024    0000            dato2	EQU 0x37
0025    0000            dato3	EQU 0X38
0026    0000            dato4	EQU 0x39
0027    0000            
0028    0000            INICIO
0029    0000            	ORG	0X00
0030    0000            
0031    0000            
0032    0000    1683    	BSF	STATUS, 5 ; Colocamos en 1 el bit 5 de reg. estatus 
0033    0001            ; en el banco 1 tenemos trisa, trisb, ... , trisd
0034    0001            ; debemos configurar puerto de entrada y salida..
0035    0001            ; puerto b
0036    0001    0186    	CLRF	TRISB		; CLEAR FILE CONFIGURA EL PUERTO B PARA QUE SEA SALIDA (0 = SALIDA)
0037    0002    1785    	BSF TRISA, 7		; PUERTO A -> ENTRADA
0038    0003    0187    	CLRF 	TRISC		; PUERTO C -> SALIDA
0039    0004    1788    	BSF TRISD, 7
0040    0005            	
0041    0005    1283    	BCF	STATUS, RP0		;BITCLEAR FILE DE RP0 = BIT CLEARFY 5
0042    0006            	
0043    0006    3000    	movlw 0x00;
0044    0007    0086    	movwf	portb;
0045    0008    3000    	movlw 0x00;
0046    0009    0088    	movwf portd;
0047    000A            
0048    000A            
0049    000A            
0050    000A            START
0051    000A            	; Declaramos variables
0052    000A    300E    	movlw	d'14'
0053    000B    00AD    	movwf	x_f
0054    000C    3032    	movlw	d'50'
0055    000D    00AE    	movwf	y_f	
0056    000E            
0057    000E    3003    	movlw	d'3'
0058    000F    00B4    	movwf	luzact
0059    0010            	
0060    0010    3000    	movlw   d'0'
0061    0011    00AB    	movwf	x
0062    0012    3000    	movlw	d'0'
0063    0013    00AC    	movwf	y
0064    0014            	
0065    0014    3001    	movlw	d'1'
0066    0015    00B5    	movwf	inciso
0067    0016            
0068    0016            	; primer inciso
0069    0016    3001    	movlw	d'1'
0070    0017    00B6    	movwf	dato1
0071    0018            
0072    0018    3002    	movlw	d'2'
0073    0019    00B7    	movwf	dato2
0074    001A            
0075    001A    3003    	movlw	d'3'
0076    001B    00B8    	movwf	dato3
0077    001C            
0078    001C    3004    	movlw	d'4'
0079    001D    00B9    	movwf	dato4
0080    001E            
0081    001E            
0082    001E            MENUBTN
0083    001E    1C88    	BTFSS PORTD, 1	; VERIFICA SI BOTÓN ESTÁ PRESIONADO
0084    001F    281E    	GOTO MENUBTN		; SI NO ESTÁ PRESIONADO
0085    0020            	
0086    0020    1835    	BTFSC inciso, 0 ; SALTA SI EL PRIMER BIT ESTÁ APAGADO
0087    0021    282D    	GOTO inciso1	; PRIMER BIT ENCENDIDO
0088    0022    18B5    	BTFSC inciso, 1	; SALTA SI EL SEGUNDO BIT ESTÁ APAGADO
0089    0023    2833    	GOTO inciso2	; SEGUNDO BIT ENCENDIDO
0090    0024    1935    	BTFSC inciso, 2	; SALTA SI EL TERCER BIT ESTÁ APAGADO
0091    0025    2839    	GOTO inciso3	; TERCER BIT ENCENDIDO
0092    0026    19B5    	BTFSC inciso, 3	; SALTA SI EL CUARTO BIT ESTÁ APAGADO
0093    0027    283F    	GOTO inciso4	; CUARTO BIT ENCENDIDO
0094    0028            		
0095    0028    281E    	GOTO MENUBTN
0096    0029            
0097    0029            
0098    0029    2048    	CALL Buscar_X
0099    002A    2052    	CALL Buscar_Y
0100    002B            
0101    002B    20C8    	CALL MovimientoDelanteCompleto
0102    002C    20D4    	CALL MovimientoDetrazCompleto
0103    002D            
0104    002D            END
0105    002D            	
0106    002D            	
0107    002D            	
0108    002D            
0109    002D            inciso1
0110    002D    3002    	movlw	b'10'
0111    002E    00B5    	movwf	inciso
0112    002F    0836    	movf dato1, w
0113    0030    00B4    	movwf luzAct
0114    0031    20E8    	CALL MOSTRARDISPLAY
0115    0032    281E    	GOTO MENUBTN		; SI NO ESTÁ PRESIONADO
0116    0033            inciso2
0117    0033    3004    	movlw	b'100'
0118    0034    00B5    	movwf	inciso
0119    0035    0837    	movf dato2, w
0120    0036    00B4    	movwf luzAct
0121    0037    20E8    	CALL MOSTRARDISPLAY
0122    0038            
0123    0038    281E    	GOTO MENUBTN		; SI NO ESTÁ PRESIONADO
0124    0039            inciso3
0125    0039    3008    	movlw	b'1000'
0126    003A    00B5    	movwf	inciso
0127    003B    0838    	movf dato3, w
0128    003C    00B4    	movwf luzAct
0129    003D    20E8    	CALL MOSTRARDISPLAY
0130    003E    281E    	GOTO MENUBTN		; SI NO ESTÁ PRESIONADO
0131    003F            
0132    003F            inciso4
0133    003F    3001    	movlw b'1'
0134    0040    00B5    	movwf	inciso
0135    0041    0839    	movf dato4, w
0136    0042    00B4    	movwf luzAct
0137    0043    20E8    	CALL MOSTRARDISPLAY
0138    0044    281E    	GOTO MENUBTN		; SI NO ESTÁ PRESIONADO
0139    0045            
0140    0045            
0141    0045            REC_FINAL
0142    0045    2048    	CALL Buscar_X
0143    0046    2052    	CALL Buscar_Y
0144    0047    0008    	RETURN
0145    0048            	
0146    0048            ;;;;;
0147    0048            BUSCAR_X
0148    0048    20C0    	CALL MOVIMIENTOADELANTE
0149    0049    0AAB    	INCF x, 1
0150    004A    082D    	movf x_f, W
0151    004B    00B3    	movwf d11
0152    004C            INICIOBUSCAx
0153    004C    0BB3    	decfsz d11, 1
0154    004D    284F    	GOTO b13
0155    004E    0008    	RETURN
0156    004F            B13
0157    004F    20C0    	CALL MOVIMIENTOADELANTE		; 10 PASOADELANTE
0158    0050    0AAB    	INCF x, 1	
0159    0051    284C    	GOTO INICIOBUSCAx
0160    0052            ;;;;
0161    0052            ;;;;;
0162    0052            BUSCAR_Y
0163    0052    2070    	CALL PASOBDELANTE
0164    0053    2070    	CALL PASOBDELANTE
0165    0054    0AAC    	INCF Y, 1
0166    0055    082E    	movf y_f, W
0167    0056    00B2    	movwf d10
0168    0057            INICIOBUSCAy
0169    0057    0BB2    	decfsz d10, 1
0170    0058    285A    	GOTO B14
0171    0059    0008    	RETURN
0172    005A            B14
0173    005A    2070    	CALL PASOBDELANTE
0174    005B    2070    	CALL PASOBDELANTE
0175    005C    0AAC    	INCF Y, 1
0176    005D    2857    	GOTO INICIOBUSCAy
0177    005E            ;;;;
0178    005E            
0179    005E            
0180    005E            
0181    005E            PASOADELANTE
0182    005E    2080    	CALL PASO1A
0183    005F    20DD    	CALL DELAY
0184    0060    2084    	CALL PASO2A
0185    0061    20DD    	CALL DELAY
0186    0062    2088    	CALL PASO3A
0187    0063    20DD    	CALL DELAY
0188    0064    208C    	CALL PASO4A
0189    0065    20DD    	CALL DELAY
0190    0066    0008    	RETURN	
0191    0067            PASOAREVEZ
0192    0067    208C    	CALL PASO4A
0193    0068    20DD    	CALL DELAY
0194    0069    2088    	CALL PASO3A
0195    006A    20DD    	CALL DELAY
0196    006B    2084    	CALL PASO2A
0197    006C    20DD    	CALL DELAY
0198    006D    2080    	CALL PASO1A
0199    006E    20DD    	CALL DELAY
0200    006F    0008    	RETURN	
0201    0070            
0202    0070            PASOBDELANTE
0203    0070    2090    	CALL PASO1B
0204    0071    20DD    	CALL DELAY
0205    0072    2094    	CALL PASO2B
0206    0073    20DD    	CALL DELAY
0207    0074    2098    	CALL PASO3B
0208    0075    20DD    	CALL DELAY
0209    0076    209C    	CALL PASO4B
0210    0077    0008    	RETURN
0211    0078            
0212    0078            PASOBREVEZ
0213    0078    209C    	CALL PASO4B
0214    0079    20DD    	CALL DELAY
0215    007A    2098    	CALL PASO3B
0216    007B    20DD    	CALL DELAY
0217    007C    2094    	CALL PASO2B
0218    007D    20DD    	CALL DELAY
0219    007E    2090    	CALL PASO1B
0220    007F    0008    	RETURN
0221    0080            
0222    0080            	
0223    0080            PASO1A
0224    0080    300C    	MOVLW	B'00001100' 	; EN W SE ENCUENTRA 0001100
0225    0081    00A1    	MOVWF	DATO		; DE W A F LE MOVEMOS F
0226    0082    20A0    	CALL DISPLAYA
0227    0083    0008    	RETURN
0228    0084            PASO2A
0229    0084    3006    	MOVLW	B'00000110' ; EN W SE ENCUENTRA 0001100
0230    0085    00A1    	MOVWF	DATO		; DE W A F LE MOVEMOS F
0231    0086    20A0    	CALL DISPLAYA
0232    0087    0008    	RETURN
0233    0088            PASO3A
0234    0088    3003    	MOVLW	B'00000011' ; EN W SE ENCUENTRA 0001100
0235    0089    00A1    	MOVWF	DATO		; DE W A F LE MOVEMOS F
0236    008A    20A0    	CALL DISPLAYA
0237    008B    0008    	RETURN
0238    008C            PASO4A
0239    008C    3009    	MOVLW	B'00001001' ; EN W SE ENCUENTRA 0001100
0240    008D    00A1    	MOVWF	DATO		; DE W A F LE MOVEMOS F
0241    008E    20A0    	CALL DISPLAYA
0242    008F    0008    	RETURN
0243    0090            
0244    0090            PASO1B
0245    0090    300C    	MOVLW	B'00001100' ; EN W SE ENCUENTRA 0001100
0246    0091    00A1     	MOVWF	DATO		; DE W A F LE MOVEMOS F
0247    0092    20A3    	CALL DISPLAYB
0248    0093    0008    	RETURN
0249    0094            PASO2B
0250    0094    3006    	MOVLW	B'00000110' ; EN W SE ENCUENTRA 0001100
0251    0095    00A1    	MOVWF	DATO		; DE W A F LE MOVEMOS F
0252    0096    20A3    	CALL DISPLAYB
0253    0097    0008    	RETURN
0254    0098            PASO3B
0255    0098    3003    	MOVLW	B'00000011' ; EN W SE ENCUENTRA 0001100
0256    0099    00A1    	MOVWF	DATO		; DE W A F LE MOVEMOS F
0257    009A    20A3    	CALL DISPLAYB
0258    009B    0008    	RETURN
0259    009C            PASO4B
0260    009C    3009    	MOVLW	B'00001001' ; EN W SE ENCUENTRA 0001100
0261    009D    00A1    	MOVWF	DATO		; DE W A F LE MOVEMOS F
0262    009E    20A3    	CALL DISPLAYB
0263    009F    0008    	RETURN
0264    00A0            
0265    00A0            
0266    00A0            
0267    00A0            DISPLAYA
0268    00A0    0821    	MOVF	DATO, W
0269    00A1    0086    	MOVWF	PORTB	
0270    00A2    0008    	RETURN
0271    00A3            
0272    00A3            DISPLAYB
0273    00A3            	; Se limpia mitad de puertos inservibles
0274    00A3    1206    	BCF PORTB, 4
0275    00A4    1286    	BCF PORTB, 5
0276    00A5    1306    	BCF PORTB, 6
0277    00A6    1386    	BCF PORTB, 7
0278    00A7            
0279    00A7            	
0280    00A7            	; Shift para colocar en parte más significativa
0281    00A7    0DA1    	RLF DATO, 1
0282    00A8    0DA1    	RLF DATO, 1
0283    00A9    0DA1    	RLF DATO, 1
0284    00AA    0DA1    	RLF DATO, 1
0285    00AB            
0286    00AB    0821    	MOVF	DATO, W
0287    00AC    0486    	IORWF	PORTB, 1 ; OR ENTRE DATO Y PUERTOB
0288    00AD    0008    	RETURN
0289    00AE            
0290    00AE            ;;;;;;;;;;;;;;;;;;;;;;;;;;;;;;;;;;;;;;;;;;;;;;;;;
0291    00AE            MOVIMIENTOBDELANTE
0292    00AE    300A    	movlw d'10'
0293    00AF    00A6    	movwf d5
0294    00B0            INICIOMOVIMIENTOB1
0295    00B0    0BA6    	decfsz d5, 1
0296    00B1    28B3    	GOTO B1
0297    00B2    0008    	RETURN
0298    00B3            B1
0299    00B3    2070    	CALL PASOBDELANTE 	; 32 PASOS
0300    00B4    2070    	CALL PASOBDELANTE
0301    00B5    0AAC    	INCF y, 1
0302    00B6    28B0    	GOTO INICIOMOVIMIENTOB1
0303    00B7            ;;;;;;;;;;;;;;;;;;;;;;;;;;;;;;;;;;;;;;;;;;;;;;;;;
0304    00B7            MOVIMIENTOBDETRAZ
0305    00B7    3005    	movlw d'5'
0306    00B8    00A7    	movwf d6
0307    00B9            INICIOMOVIMIENTOB2
0308    00B9    0BA7    	decfsz d6, 1
0309    00BA    28BC    	GOTO B2
0310    00BB    0008    	RETURN
0311    00BC            B2
0312    00BC    2078    	CALL PASOBREVEZ	; 32 PASOS
0313    00BD    2078    	CALL PASOBREVEZ
0314    00BE    03AC    	DECF y, 1
0315    00BF    28B9    	GOTO INICIOMOVIMIENTOB2
0316    00C0            ;;;;;;;;;;;;;;;;;;;;;;;;;;;;;;;;;;;;;;;;;;;;;;;;;
0317    00C0            ;;;;;;;;;;;;;;;;;;;;;;;;;;;;;;;;;;;;;;;;;;;;;;;;;
0318    00C0            MOVIMIENTOADELANTE
0319    00C0    3005    	movlw d'5'
0320    00C1    00A8    	movwf d7
0321    00C2            INICIOMOVIMIENTOA1
0322    00C2    0BA8    	decfsz d7, 1
0323    00C3    28C5    	GOTO A1
0324    00C4    0008    	RETURN
0325    00C5            A1
0326    00C5    205E    	CALL PASOADELANTE	; 32 PASOS
0327    00C6    205E    	CALL PASOADELANTE
0328    00C7    28C2    	GOTO INICIOMOVIMIENTOA1
0329    00C8            ;;;;;;;;;;;;;;;;;;;;;;;;;;;;;;;;;;;;;;;;;;;;;;;;;
0330    00C8            MovimientoDelanteCompleto
0331    00C8    3011    	movlw d'17'
0332    00C9    00A9    	movwf d8
0333    00CA            INICIOMOVIMIENTOC1
0334    00CA    0BA9    	decfsz d8, 1
0335    00CB    28CD    	GOTO C1
0336    00CC    0008    	RETURN
0337    00CD            C1
0338    00CD    20C0    	CALL MOVIMIENTOADELANTE		; 10 PASOADELANTE
0339    00CE    0AAB    	INCF x, 1	
0340    00CF    20AE    	CALL MOVIMIENTOBDELANTE
0341    00D0    20C0    	CALL MOVIMIENTOADELANTE		; 10 PASOADELANTE
0342    00D1    0AAB    	INCF x, 1
0343    00D2    20B7    	CALL MOVIMIENTOBDETRAZ
0344    00D3    28CA    	GOTO INICIOMOVIMIENTOC1
0345    00D4            
0346    00D4            MovimientoDetrazCompleto
0347    00D4    30FF    	movlw d'255'
0348    00D5    00AA    	movwf d9
0349    00D6            INICIOMOVIMIENTOD1
0350    00D6    0BAA    	decfsz d9, 1
0351    00D7    28DB    	GOTO MOVD1
0352    00D8    3000    	MOVLW	B'0' 	; EN W SE ENCUENTRA 0
0353    00D9    00AB    	MOVWF	x	; Movemos a x, w -> x = 0 (reseteamos x)
0354    00DA            
0355    00DA            
0356    00DA    0008    	RETURN
0357    00DB            MOVD1
0358    00DB    2067    	CALL PASOAREVEZ			
0359    00DC    28D6    	GOTO INICIOMOVIMIENTOD1		
0360    00DD            
0361    00DD            
0362    00DD            	
0363    00DD            Delay
0364    00DD            			;1693 cycles
0365    00DD    3052    	movlw	0x52
0366    00DE    00A2    	movwf	d1
0367    00DF    3002    	movlw	0x02
0368    00E0    00A3    	movwf	d2
0369    00E1            Delay_0
0370    00E1    0BA2    	decfsz	d1, f
0371    00E2    28E4    	goto	$+2
0372    00E3    0BA3    	decfsz	d2, f
0373    00E4    28E1    	goto	Delay_0
0374    00E5            
0375    00E5            			;3 cycles
0376    00E5    28E6    	goto	$+1
0377    00E6    0000    	nop
0378    00E7            
0379    00E7            			;4 cycles (including call)
0380    00E7    0008    	return
0381    00E8            ; Generated by http://w
0382    00E8            
0383    00E8            ;;;;;;; ;;;;MOSTRAR DISPLAY ;;;;;;;;;
0384    00E8            MOSTRARDISPLAY	
0385    00E8    1C34    	BTFSS luzAct, 0		; SALTA LÍNEA SI PRIMER BIT ES 1
0386    00E9    28EB    	GOTO BITXXX0		; SI PRIMER BIT ES 0
0387    00EA    28EE    	GOTO BITXXX1		; SI PRIMER BIT ES 1	
0388    00EB            	
0389    00EB            ; PRIMER BIT ES 0
0390    00EB            BITXXX0
0391    00EB    1CB4    	BTFSS luzAct, 1	; SALTA LÍNEA SI SEGUNDO BIT ES 1
0392    00EC    28F1    	GOTO BITXX00		; 00
0393    00ED    28F4    	GOTO BITXX10		; 10
0394    00EE            ; PRIMER BIT ES 1
0395    00EE            BITXXX1
0396    00EE    1CB4    	BTFSS luzAct, 1	; SALTA SI SEGUNDO BIT ES 1
0397    00EF    28F7    	GOTO BITXX01		; 01
0398    00F0    28FA    	GOTO BITXX11		; 11
0399    00F1            ;00
0400    00F1            BITXX00
0401    00F1    1D34    	BTFSS luzAct, 2	; SALTA LÍNEA SI TERCER BIT ES 1
0402    00F2    28FD    	GOTO BITX000		; 000
0403    00F3    290F    	GOTO BITX100		; 100		-> 4	0110011
0404    00F4            ;10
0405    00F4            BITXX10
0406    00F4    1D34    	BTFSS luzAct, 2	; SALTA LÍNEA SI TERCER BIT ES 1
0407    00F5    2909    	GOTO BITX010		; 010		-> 2	1101101
0408    00F6    2917    	GOTO BITX110		; 110		-> 6	1011111
0409    00F7            	
0410    00F7            ;01
0411    00F7            BITXX01
0412    00F7    1D34    	BTFSS luzAct, 2	; SALTA LÍNEA SI TERCER BIT ES 1
0413    00F8    2900    	GOTO BITX001		; 001		
0414    00F9    2913    	GOTO BITX101		; 101		-> 5	1011011
0415    00FA            	
0416    00FA            ;11
0417    00FA            BITXX11
0418    00FA    1D34    	BTFSS luzAct, 2	; SALTA LÍNEA SI TERCER BIT ES 1
0419    00FB    290C    	GOTO BITX011		; 011		-> 3	1111001
0420    00FC    291A    	GOTO BITX111		; 111		-> 7	1110000
0421    00FD            		
0422    00FD            ;000
0423    00FD            BITX000
0424    00FD    1DB4    	BTFSS	luzAct, 3	; SALTA LÍNEA SI CUARTO BIT ES 1
0425    00FE    2903    	GOTO BIT0000	; 0000		-> 0		1111110
0426    00FF    291E    	GOTO BIT1000	; 1000		-> 8		1111111
0427    0100            	
0428    0100            ;001
0429    0100            BITX001
0430    0100    1DB4    	BTFSS luzAct, 3	; SALTA LÍNEA SI CUARTO BIT ES 1
0431    0101    2906    	GOTO BIT0001	; 0001		-> 1		0110000
0432    0102    2922    	GOTO BIT1001	; 1001		-> 9		0001100
0433    0103            	
0434    0103            	
0435    0103            ; #0
0436    0103            BIT0000
0437    0103    3081    	MOVLW	B'10000001' ; EN W SE ENCUENTRA 1111110
0438    0104    00A1    	MOVWF	DATO		; DE W A F LE MOVEMOS F
0439    0105    2925    	GOTO DISPLAY
0440    0106            	
0441    0106            ; #1
0442    0106            BIT0001
0443    0106    30E7    	MOVLW	B'11100111' ; EN W SE ENCUENTRA 0110000
0444    0107    00A1    	MOVWF	DATO		; DE W A F LE MOVEMOS F
0445    0108    2925    	GOTO DISPLAY
0446    0109            	
0447    0109            ; #2
0448    0109            BITX010
0449    0109    3049    	MOVLW	B'01001001' ; EN W SE ENCUENTRA 1101101
0450    010A    00A1    	MOVWF	DATO		; DE W A F LE MOVEMOS F
0451    010B    2925    	GOTO DISPLAY
0452    010C            	
0453    010C            ; #3
0454    010C            BITX011
0455    010C    3043    	MOVLW	B'01000011'
0456    010D    00A1    	MOVWF	DATO		; DE W A F LE MOVEMOS F
0457    010E    2925    	GOTO DISPLAY
0458    010F            	
0459    010F            ; #4
0460    010F            BITX100
0461    010F    3027    	MOVLW	B'00100111'
0462    0110    00A1    	MOVWF	DATO		; DE W A F LE MOVEMOS F
0463    0111    2925    	GOTO DISPLAY
0464    0112    0008    	RETURN
0465    0113            ; #5
0466    0113            BITX101
0467    0113    3013    	MOVLW	B'00010011'
0468    0114    00A1    	MOVWF	DATO		; DE W A F LE MOVEMOS F
0469    0115    2925    	GOTO DISPLAY
0470    0116    0008    	RETURN
0471    0117            ; #6
0472    0117            BITX110
0473    0117    3011    	MOVLW	B'00010001'
0474    0118    00A1    	MOVWF	DATO		; DE W A F LE MOVEMOS F
0475    0119    2925    	GOTO DISPLAY
0476    011A            	
0477    011A            ; #7
0478    011A            BITX111
0479    011A    30C7    	MOVLW	B'11000111'
0480    011B    00A1    	MOVWF	DATO		; DE W A F LE MOVEMOS F
0481    011C    2925    	GOTO DISPLAY
0482    011D    0008    	RETURN
0483    011E            ; #8
0484    011E            BIT1000
0485    011E    3001    	MOVLW	B'00000001' ; EN W SE ENCUENTRA 1111111
0486    011F    00A1    	MOVWF	DATO		; DE W A F LE MOVEMOS F
0487    0120    2925    	GOTO DISPLAY
0488    0121    0008    	RETURN
0489    0122            ; #9
0490    0122            BIT1001
0491    0122    3003    	MOVLW	B'00000011' ; EN W SE ENCUENTRA 0001100
0492    0123    00A1    	MOVWF	DATO		; DE W A F LE MOVEMOS F
0493    0124    2925    	GOTO DISPLAY
0494    0125            	
0495    0125            
0496    0125            DISPLAY
0497    0125    0821    	MOVF	DATO, W
0498    0126    0087    	MOVWF	PORTC	
0499    0127    0008    	RETURN
0500    0128            ;;;;;;; FINALIZA MOSTRAR DISPLAY ;;;;;;;;;
0501    0128            
---------------------------------------------
Number of errors = 0
