---------------------------------------------
PIC ASSEMBLER LISTING
Line    Address Opcode  Instruction
---------------------------------------------
0001    0000            nIngreso equ 0x21
0002    0000            var2show equ 0x22
0003    0000            dato	 equ 0x23
0004    0000            comprobacion equ 0x24
0005    0000            d1	equ 0x25
0006    0000            d2	equ 0x26
0007    0000            
0008    0000            START
0009    0000    1683    	BSF STATUS, RP0
0010    0001    1303    	BCF STATUS, RP1
0011    0002            
0012    0002    30FF    	MOVLW b'11111111'
0013    0003    0086    	MOVWF TRISB
0014    0004            
0015    0004    30FF    	MOVLW b'11111111'
0016    0005    0088    	MOVWF TRISD
0017    0006            
0018    0006    3000    	MOVLW B'0000000'
0019    0007    0087    	MOVWF TRISC
0020    0008            
0021    0008    1283    	BCF STATUS, RP0
0022    0009    1303    	BCF STATUS, RP1
0023    000A            
0024    000A            
0025    000A            Inicio
0026    000A    20B7    	CALL delay
0027    000B    20B7    	CALL delay
0028    000C    1B86    	BTFSC PORTB, 7
0029    000D    2859    	GOTO BTN0
0030    000E    1B06    	BTFSC PORTB, 6
0031    000F    285C    	GOTO BTN1
0032    0010    1A86    	BTFSC PORTB, 5
0033    0011    285F    	GOTO BTN2
0034    0012    1A06    	BTFSC PORTB, 4
0035    0013    2862    	GOTO BTN3
0036    0014    1986    	BTFSC PORTB, 3
0037    0015    2865    	GOTO BTN4
0038    0016    1906    	BTFSC PORTB, 2
0039    0017    2868    	GOTO BTN5
0040    0018    1886    	BTFSC PORTB, 1
0041    0019    286B    	GOTO BTN6
0042    001A    1806    	BTFSC PORTB, 0
0043    001B    286E    	GOTO BTN7
0044    001C    1B88    	BTFSC PORTD, 7
0045    001D    2871    	GOTO BTN8
0046    001E    1B08    	BTFSC PORTD, 6
0047    001F    2874    	GOTO BTN9
0048    0020            	
0049    0020    280A    	GOTO Inicio
0050    0021            Diminuir
0051    0021    20B7    	CALL delay
0052    0022    20B7    	CALL delay
0053    0023    20B7    	CALL delay
0054    0024    20B7    	CALL delay
0055    0025    20B7    	CALL delay
0056    0026    20B7    	CALL delay
0057    0027    0821    	MOVF nIngreso, w
0058    0028    00A2    	MOVWF var2show
0059    0029    2077    	CALL MostrarDisplay
0060    002A    0AA1    	INCF nIngreso, 1
0061    002B            	
0062    002B            	
0063    002B            
0064    002B    3009    	movlw d'9'
0065    002C    0221    	subwf nIngreso, 0
0066    002D    1903    	BTFSC STATUS, Z
0067    002E    2830    	goto finAumentar
0068    002F    2821    	goto Diminuir
0069    0030            	
0070    0030            	
0071    0030            FinAumentar
0072    0030    20B7    	CALL delay
0073    0031    20B7    	CALL delay
0074    0032    20B7    	CALL delay
0075    0033    20B7    	CALL delay
0076    0034    20B7    	CALL delay
0077    0035    20B7    	CALL delay
0078    0036    3009    	movlw d'9'
0079    0037    00A2    	movwf var2show
0080    0038    2077    	CALL MostrarDisplay
0081    0039    20B7    	CALL delay
0082    003A    20B7    	CALL delay
0083    003B    20B7    	CALL delay
0084    003C    20B7    	CALL delay
0085    003D    20B7    	CALL delay
0086    003E    20B7    	CALL delay
0087    003F            MuestraGuion
0088    003F    307F    	movlw b'1111111'
0089    0040    0087    	movwf portc
0090    0041    1387    	bcf portc, 7
0091    0042            
0092    0042    20B7    	CALL delay
0093    0043    20B7    	CALL delay
0094    0044    1B86    	BTFSC PORTB, 7
0095    0045    2859    	GOTO BTN0
0096    0046    1B06    	BTFSC PORTB, 6
0097    0047    285C    	GOTO BTN1
0098    0048    1A86    	BTFSC PORTB, 5
0099    0049    285F    	GOTO BTN2
0100    004A    1A06    	BTFSC PORTB, 4
0101    004B    2862    	GOTO BTN3
0102    004C    1986    	BTFSC PORTB, 3
0103    004D    2865    	GOTO BTN4
0104    004E    1906    	BTFSC PORTB, 2
0105    004F    2868    	GOTO BTN5
0106    0050    1886    	BTFSC PORTB, 1
0107    0051    286B    	GOTO BTN6
0108    0052    1806    	BTFSC PORTB, 0
0109    0053    286E    	GOTO BTN7
0110    0054    1B88    	BTFSC PORTD, 7
0111    0055    2871    	GOTO BTN8
0112    0056    1B08    	BTFSC PORTD, 6
0113    0057    2874    	GOTO BTN9
0114    0058            
0115    0058            
0116    0058            
0117    0058    283F    	goto MuestraGuion
0118    0059            
0119    0059            
0120    0059            
0121    0059            BTN0
0122    0059    3000    	MOVLW	d'0'
0123    005A    00A1    	MOVWF   nIngreso
0124    005B    2821    	GOTO Diminuir
0125    005C            BTN1
0126    005C    3001    	MOVLW	d'1'
0127    005D    00A1    	MOVWF   nIngreso
0128    005E    2821    	GOTO Diminuir
0129    005F            BTN2
0130    005F    3002    	MOVLW	d'2'
0131    0060    00A1    	MOVWF   nIngreso
0132    0061    2821    	GOTO Diminuir
0133    0062            BTN3
0134    0062    3003    	MOVLW	d'3'
0135    0063    00A1    	MOVWF   nIngreso
0136    0064    2821    	GOTO Diminuir
0137    0065            BTN4
0138    0065    3004    	MOVLW	d'4'
0139    0066    00A1    	MOVWF   nIngreso
0140    0067    2821    	GOTO Diminuir
0141    0068            
0142    0068            BTN5
0143    0068    3005    	MOVLW	d'5'
0144    0069    00A1    	MOVWF   nIngreso
0145    006A    2821    	GOTO Diminuir
0146    006B            BTN6
0147    006B    3006    	MOVLW	d'6'
0148    006C    00A1    	MOVWF   nIngreso
0149    006D    2821    	GOTO Diminuir
0150    006E            BTN7
0151    006E    3007    	MOVLW	d'7'
0152    006F    00A1    	MOVWF   nIngreso
0153    0070    2821    	GOTO Diminuir
0154    0071            BTN8
0155    0071    3008    	MOVLW	d'8'
0156    0072    00A1    	MOVWF   nIngreso
0157    0073    0008    	RETURN
0158    0074            BTN9
0159    0074    3009    	MOVLW	d'9'
0160    0075    00A1    	MOVWF   nIngreso
0161    0076    2821    	GOTO Diminuir
0162    0077            
0163    0077            
0164    0077            ;;; Inicia Display ;;;
0165    0077            MOSTRARDISPLAY	
0166    0077    1C22    	BTFSS var2show, 0		; SALTA LÍNEA SI PRIMER BIT ES 1
0167    0078    287A    	GOTO BITXXX0		; SI PRIMER BIT ES 0
0168    0079    287D    	GOTO BITXXX1		; SI PRIMER BIT ES 1	
0169    007A            	
0170    007A            ; PRIMER BIT ES 0
0171    007A            BITXXX0
0172    007A    1CA2    	BTFSS var2show, 1	; SALTA LÍNEA SI SEGUNDO BIT ES 1
0173    007B    2880    	GOTO BITXX00		; 00
0174    007C    2883    	GOTO BITXX10		; 10
0175    007D            ; PRIMER BIT ES 1
0176    007D            BITXXX1
0177    007D    1CA2    	BTFSS var2show, 1	; SALTA SI SEGUNDO BIT ES 1
0178    007E    2886    	GOTO BITXX01		; 01
0179    007F    2889    	GOTO BITXX11		; 11
0180    0080            ;00
0181    0080            BITXX00
0182    0080    1D22    	BTFSS var2show, 2	; SALTA LÍNEA SI TERCER BIT ES 1
0183    0081    288C    	GOTO BITX000		; 000
0184    0082    289E    	GOTO BITX100		; 100		-> 4	0110011
0185    0083            ;10
0186    0083            BITXX10
0187    0083    1D22    	BTFSS var2show, 2	; SALTA LÍNEA SI TERCER BIT ES 1
0188    0084    2898    	GOTO BITX010		; 010		-> 2	1101101
0189    0085    28A6    	GOTO BITX110		; 110		-> 6	1011111
0190    0086            	
0191    0086            ;01
0192    0086            BITXX01
0193    0086    1D22    	BTFSS var2show, 2	; SALTA LÍNEA SI TERCER BIT ES 1
0194    0087    288F    	GOTO BITX001		; 001		
0195    0088    28A2    	GOTO BITX101		; 101		-> 5	1011011
0196    0089            	
0197    0089            ;11
0198    0089            BITXX11
0199    0089    1D22    	BTFSS var2show, 2	; SALTA LÍNEA SI TERCER BIT ES 1
0200    008A    289B    	GOTO BITX011		; 011		-> 3	1111001
0201    008B    28A9    	GOTO BITX111		; 111		-> 7	1110000
0202    008C            		
0203    008C            ;000
0204    008C            BITX000
0205    008C    1DA2    	BTFSS	var2show, 3	; SALTA LÍNEA SI CUARTO BIT ES 1
0206    008D    2892    	GOTO BIT0000	; 0000		-> 0		1111110
0207    008E    28AD    	GOTO BIT1000	; 1000		-> 8		1111111
0208    008F            	
0209    008F            ;001
0210    008F            BITX001
0211    008F    1DA2    	BTFSS var2show, 3	; SALTA LÍNEA SI CUARTO BIT ES 1
0212    0090    2895    	GOTO BIT0001	; 0001		-> 1		0110000
0213    0091    28B1    	GOTO BIT1001	; 1001		-> 9		0001100
0214    0092            	
0215    0092            	
0216    0092            ; #0
0217    0092            BIT0000
0218    0092    3081    	MOVLW	B'10000001' ; EN W SE ENCUENTRA 1111110
0219    0093    00A3    	MOVWF	DATO		; DE W A F LE MOVEMOS F
0220    0094    28B4    	GOTO DISPLAY
0221    0095            	
0222    0095            ; #1
0223    0095            BIT0001
0224    0095    30E7    	MOVLW	B'11100111' ; EN W SE ENCUENTRA 0110000
0225    0096    00A3    	MOVWF	DATO		; DE W A F LE MOVEMOS F
0226    0097    28B4    	GOTO DISPLAY
0227    0098            	
0228    0098            ; #2
0229    0098            BITX010
0230    0098    3049    	MOVLW	B'01001001' ; EN W SE ENCUENTRA 1101101
0231    0099    00A3    	MOVWF	DATO		; DE W A F LE MOVEMOS F
0232    009A    28B4    	GOTO DISPLAY
0233    009B            	
0234    009B            ; #3
0235    009B            BITX011
0236    009B    3043    	MOVLW	B'01000011'
0237    009C    00A3    	MOVWF	DATO		; DE W A F LE MOVEMOS F
0238    009D    28B4    	GOTO DISPLAY
0239    009E            	
0240    009E            ; #4
0241    009E            BITX100
0242    009E    3027    	MOVLW	B'00100111'
0243    009F    00A3    	MOVWF	DATO		; DE W A F LE MOVEMOS F
0244    00A0    28B4    	GOTO DISPLAY
0245    00A1    0008    	RETURN
0246    00A2            ; #5
0247    00A2            BITX101
0248    00A2    3013    	MOVLW	B'00010011'
0249    00A3    00A3    	MOVWF	DATO		; DE W A F LE MOVEMOS F
0250    00A4    28B4    	GOTO DISPLAY
0251    00A5    0008    	RETURN
0252    00A6            ; #6
0253    00A6            BITX110
0254    00A6    3011    	MOVLW	B'00010001'
0255    00A7    00A3    	MOVWF	DATO		; DE W A F LE MOVEMOS F
0256    00A8    28B4    	GOTO DISPLAY
0257    00A9            	
0258    00A9            ; #7
0259    00A9            BITX111
0260    00A9    30C7    	MOVLW	B'11000111'
0261    00AA    00A3    	MOVWF	DATO		; DE W A F LE MOVEMOS F
0262    00AB    28B4    	GOTO DISPLAY
0263    00AC    0008    	RETURN
0264    00AD            ; #8
0265    00AD            BIT1000
0266    00AD    3001    	MOVLW	B'00000001' ; EN W SE ENCUENTRA 1111111
0267    00AE    00A3    	MOVWF	DATO		; DE W A F LE MOVEMOS F
0268    00AF    28B4    	GOTO DISPLAY
0269    00B0    0008    	RETURN
0270    00B1            ; #9
0271    00B1            BIT1001
0272    00B1    3003    	MOVLW	B'00000011' ; EN W SE ENCUENTRA 0001100
0273    00B2    00A3    	MOVWF	DATO		; DE W A F LE MOVEMOS F
0274    00B3    28B4    	GOTO DISPLAY
0275    00B4            	
0276    00B4            
0277    00B4            DISPLAY
0278    00B4    0823    	MOVF	DATO, W
0279    00B5    0087    	MOVWF	PORTC	
0280    00B6    0008    	RETURN
0281    00B7            ;;;;;;; Acaba Display ;;;;;;;;;
0282    00B7            
0283    00B7            Delay
0284    00B7            			;1693 cycles
0285    00B7    3052    	movlw	0x52
0286    00B8    00A5    	movwf	d1
0287    00B9    3002    	movlw	0x02
0288    00BA    00A6    	movwf	d2
0289    00BB            Delay_0
0290    00BB    0BA5    	decfsz	d1, f
0291    00BC    28BE    	goto	$+2
0292    00BD    0BA6    	decfsz	d2, f
0293    00BE    28BB    	goto	Delay_0
0294    00BF            
0295    00BF            			;3 cycles
0296    00BF    28C0    	goto	$+1
0297    00C0    0000    	nop
0298    00C1            
0299    00C1            			;4 cycles (including call)
0300    00C1    0008    	return
---------------------------------------------
Number of errors = 0
